2024-09-20 09:38:40 - Starting AlertsApplication using Java 22.0.1 with PID 4528 (C:\Users\fouad\Documents\openclassroom\P5\alerts\target\classes started by fouad in C:\Users\fouad\Documents\openclassroom\P5\alerts)
2024-09-20 09:38:40 - No active profile set, falling back to 1 default profile: "default"
2024-09-20 09:38:40 - Devtools property defaults active! Set 'spring.devtools.add-properties' to 'false' to disable
2024-09-20 09:38:40 - For additional web related logging consider setting the 'logging.level.web' property to 'DEBUG'
2024-09-20 09:38:41 - Tomcat initialized with port 8080 (http)
2024-09-20 09:38:41 - Starting service [Tomcat]
2024-09-20 09:38:41 - Starting Servlet engine: [Apache Tomcat/10.1.28]
2024-09-20 09:38:41 - Initializing Spring embedded WebApplicationContext
2024-09-20 09:38:41 - Root WebApplicationContext: initialization completed in 934 ms
2024-09-20 09:38:41 - Reading JSON file from: src/main/resources/data.json
2024-09-20 09:38:41 - Data successfully read and processed.
2024-09-20 09:38:41 - Reading JSON file from: src/main/resources/data.json
2024-09-20 09:38:41 - Data successfully read and processed.
2024-09-20 09:38:41 - Reading JSON file from: src/main/resources/data.json
2024-09-20 09:38:41 - Data successfully read and processed.
2024-09-20 09:38:41 - Reading JSON file from: src/main/resources/data.json
2024-09-20 09:38:41 - Data successfully read and processed.
2024-09-20 09:38:41 - Reading JSON file from: src/main/resources/data.json
2024-09-20 09:38:41 - Data successfully read and processed.
2024-09-20 09:38:41 - Reading JSON file from: src/main/resources/data.json
2024-09-20 09:38:41 - Data successfully read and processed.
2024-09-20 09:38:41 - Reading JSON file from: src/main/resources/data.json
2024-09-20 09:38:41 - Data successfully read and processed.
2024-09-20 09:38:41 - Reading JSON file from: src/main/resources/data.json
2024-09-20 09:38:41 - Data successfully read and processed.
2024-09-20 09:38:41 - Reading JSON file from: src/main/resources/data.json
2024-09-20 09:38:41 - Data successfully read and processed.
2024-09-20 09:38:41 - LiveReload server is running on port 35729
2024-09-20 09:38:41 - Tomcat started on port 8080 (http) with context path '/'
2024-09-20 09:38:41 - Started AlertsApplication in 1.919 seconds (process running for 2.651)
2024-09-20 09:39:25 - Initializing Spring DispatcherServlet 'dispatcherServlet'
2024-09-20 09:39:25 - Initializing Servlet 'dispatcherServlet'
2024-09-20 09:39:26 - Completed initialization in 0 ms
2024-09-20 09:39:26 - Request received for fire stations: [1, 3]
2024-09-20 09:39:26 - Retrieving addresses for fire station number: 1
2024-09-20 09:39:26 - Retrieving list of all fire stations.
2024-09-20 09:39:26 - Retrieving addresses for fire station number: 3
2024-09-20 09:39:26 - Retrieving list of all fire stations.
2024-09-20 09:39:26 - Retrieving persons living at address: 748 Townings Dr
2024-09-20 09:39:26 - Retrieving list of all persons.
2024-09-20 09:39:26 - Retrieving persons living at address: 908 73rd St
2024-09-20 09:39:26 - Retrieving list of all persons.
2024-09-20 09:39:26 - Retrieving persons living at address: 947 E. Rose Dr
2024-09-20 09:39:26 - Retrieving list of all persons.
2024-09-20 09:39:26 - Retrieving persons living at address: 644 Gershwin Cir
2024-09-20 09:39:26 - Retrieving list of all persons.
2024-09-20 09:39:26 - Retrieving persons living at address: 1509 Culver St
2024-09-20 09:39:26 - Retrieving list of all persons.
2024-09-20 09:39:26 - Retrieving persons living at address: 834 Binoc Ave
2024-09-20 09:39:26 - Retrieving list of all persons.
2024-09-20 09:39:26 - Retrieving persons living at address: 112 Steppes Pl
2024-09-20 09:39:26 - Retrieving list of all persons.
2024-09-20 09:39:26 - Retrieving medical records for given persons.
2024-09-20 09:39:26 - Retrieving list of all medical records.
2024-09-20 09:39:26 - Calculating age for birthdate: 01/08/1980
2024-09-20 09:39:26 - Calculated age: 44
2024-09-20 09:39:26 - Calculating age for birthdate: 03/06/1994
2024-09-20 09:39:26 - Calculated age: 30
2024-09-20 09:39:26 - Calculating age for birthdate: 08/30/1979
2024-09-20 09:39:26 - Calculated age: 45
2024-09-20 09:39:26 - Calculating age for birthdate: 03/06/1982
2024-09-20 09:39:26 - Calculated age: 42
2024-09-20 09:39:26 - Calculating age for birthdate: 12/06/1975
2024-09-20 09:39:26 - Calculated age: 48
2024-09-20 09:39:26 - Calculating age for birthdate: 07/08/1980
2024-09-20 09:39:26 - Calculated age: 44
2024-09-20 09:39:26 - Calculating age for birthdate: 03/06/2014
2024-09-20 09:39:26 - Calculated age: 10
2024-09-20 09:39:26 - Calculating age for birthdate: 09/06/2000
2024-09-20 09:39:26 - Calculated age: 24
2024-09-20 09:39:26 - Calculating age for birthdate: 03/06/1984
2024-09-20 09:39:26 - Calculated age: 40
2024-09-20 09:39:26 - Calculating age for birthdate: 03/06/1989
2024-09-20 09:39:26 - Calculated age: 35
2024-09-20 09:39:26 - Calculating age for birthdate: 02/18/2012
2024-09-20 09:39:26 - Calculated age: 12
2024-09-20 09:39:26 - Calculating age for birthdate: 09/06/2017
2024-09-20 09:39:26 - Calculated age: 7
2024-09-20 09:39:26 - Calculating age for birthdate: 01/08/1986
2024-09-20 09:39:26 - Calculated age: 38
2024-09-20 09:39:26 - Calculating age for birthdate: 02/18/2012
2024-09-20 09:39:26 - Calculated age: 12
2024-09-20 09:39:26 - Calculating age for birthdate: 03/06/1994
2024-09-20 09:39:26 - Calculated age: 30
2024-09-20 09:39:26 - Calculating age for birthdate: 04/06/1965
2024-09-20 09:39:26 - Calculated age: 59
2024-09-20 09:39:26 - Calculating age for birthdate: 03/15/1965
2024-09-20 09:39:26 - Calculated age: 59
2024-09-20 09:39:55 - Restarting due to 1 class path change (0 additions, 0 deletions, 1 modification)
2024-09-20 09:39:55 - Starting AlertsApplication using Java 22.0.1 with PID 4528 (C:\Users\fouad\Documents\openclassroom\P5\alerts\target\classes started by fouad in C:\Users\fouad\Documents\openclassroom\P5\alerts)
2024-09-20 09:39:55 - No active profile set, falling back to 1 default profile: "default"
2024-09-20 09:39:55 - Tomcat initialized with port 8080 (http)
2024-09-20 09:39:55 - Starting service [Tomcat]
2024-09-20 09:39:55 - Starting Servlet engine: [Apache Tomcat/10.1.28]
2024-09-20 09:39:55 - Initializing Spring embedded WebApplicationContext
2024-09-20 09:39:55 - Root WebApplicationContext: initialization completed in 200 ms
2024-09-20 09:39:55 - Reading JSON file from: src/main/resources/data.json
2024-09-20 09:39:55 - Data successfully read and processed.
2024-09-20 09:39:55 - Reading JSON file from: src/main/resources/data.json
2024-09-20 09:39:55 - Data successfully read and processed.
2024-09-20 09:39:55 - Reading JSON file from: src/main/resources/data.json
2024-09-20 09:39:55 - Data successfully read and processed.
2024-09-20 09:39:55 - Reading JSON file from: src/main/resources/data.json
2024-09-20 09:39:55 - Data successfully read and processed.
2024-09-20 09:39:55 - Reading JSON file from: src/main/resources/data.json
2024-09-20 09:39:55 - Data successfully read and processed.
2024-09-20 09:39:55 - Reading JSON file from: src/main/resources/data.json
2024-09-20 09:39:55 - Data successfully read and processed.
2024-09-20 09:39:55 - Reading JSON file from: src/main/resources/data.json
2024-09-20 09:39:55 - Data successfully read and processed.
2024-09-20 09:39:55 - Reading JSON file from: src/main/resources/data.json
2024-09-20 09:39:55 - Data successfully read and processed.
2024-09-20 09:39:55 - Reading JSON file from: src/main/resources/data.json
2024-09-20 09:39:55 - Data successfully read and processed.
2024-09-20 09:39:55 - LiveReload server is running on port 35729
2024-09-20 09:39:55 - Tomcat started on port 8080 (http) with context path '/'
2024-09-20 09:39:55 - Started AlertsApplication in 0.363 seconds (process running for 76.931)
2024-09-20 09:39:55 - Condition evaluation unchanged
2024-09-20 09:40:02 - Initializing Spring DispatcherServlet 'dispatcherServlet'
2024-09-20 09:40:02 - Initializing Servlet 'dispatcherServlet'
2024-09-20 09:40:02 - Completed initialization in 0 ms
2024-09-20 09:40:02 - Request received for fire stations: [1, 3]
2024-09-20 09:40:02 - Retrieving addresses for fire station number: 1
2024-09-20 09:40:02 - Retrieving list of all fire stations.
2024-09-20 09:40:02 - Retrieving addresses for fire station number: 3
2024-09-20 09:40:02 - Retrieving list of all fire stations.
2024-09-20 09:40:02 - Retrieving persons living at address: 748 Townings Dr
2024-09-20 09:40:02 - Retrieving list of all persons.
2024-09-20 09:40:02 - Retrieving persons living at address: 908 73rd St
2024-09-20 09:40:02 - Retrieving list of all persons.
2024-09-20 09:40:02 - Retrieving persons living at address: 947 E. Rose Dr
2024-09-20 09:40:02 - Retrieving list of all persons.
2024-09-20 09:40:02 - Retrieving persons living at address: 644 Gershwin Cir
2024-09-20 09:40:02 - Retrieving list of all persons.
2024-09-20 09:40:02 - Retrieving persons living at address: 1509 Culver St
2024-09-20 09:40:02 - Retrieving list of all persons.
2024-09-20 09:40:02 - Retrieving persons living at address: 834 Binoc Ave
2024-09-20 09:40:02 - Retrieving list of all persons.
2024-09-20 09:40:02 - Retrieving persons living at address: 112 Steppes Pl
2024-09-20 09:40:02 - Retrieving list of all persons.
2024-09-20 09:40:02 - Retrieving medical records for given persons.
2024-09-20 09:40:02 - Retrieving list of all medical records.
2024-09-20 09:40:02 - Calculating age for birthdate: 01/08/1980
2024-09-20 09:40:02 - Calculated age: 44
2024-09-20 09:40:02 - Calculating age for birthdate: 03/06/1994
2024-09-20 09:40:02 - Calculated age: 30
2024-09-20 09:40:02 - Calculating age for birthdate: 08/30/1979
2024-09-20 09:40:02 - Calculated age: 45
2024-09-20 09:40:02 - Calculating age for birthdate: 03/06/1982
2024-09-20 09:40:02 - Calculated age: 42
2024-09-20 09:40:02 - Calculating age for birthdate: 12/06/1975
2024-09-20 09:40:02 - Calculated age: 48
2024-09-20 09:40:02 - Calculating age for birthdate: 07/08/1980
2024-09-20 09:40:02 - Calculated age: 44
2024-09-20 09:40:02 - Calculating age for birthdate: 03/06/2014
2024-09-20 09:40:02 - Calculated age: 10
2024-09-20 09:40:02 - Calculating age for birthdate: 09/06/2000
2024-09-20 09:40:02 - Calculated age: 24
2024-09-20 09:40:02 - Calculating age for birthdate: 03/06/1984
2024-09-20 09:40:02 - Calculated age: 40
2024-09-20 09:40:02 - Calculating age for birthdate: 03/06/1989
2024-09-20 09:40:02 - Calculated age: 35
2024-09-20 09:40:02 - Calculating age for birthdate: 02/18/2012
2024-09-20 09:40:02 - Calculated age: 12
2024-09-20 09:40:02 - Calculating age for birthdate: 09/06/2017
2024-09-20 09:40:02 - Calculated age: 7
2024-09-20 09:40:02 - Calculating age for birthdate: 01/08/1986
2024-09-20 09:40:02 - Calculated age: 38
2024-09-20 09:40:02 - Calculating age for birthdate: 02/18/2012
2024-09-20 09:40:02 - Calculated age: 12
2024-09-20 09:40:02 - Calculating age for birthdate: 03/06/1994
2024-09-20 09:40:02 - Calculated age: 30
2024-09-20 09:40:02 - Calculating age for birthdate: 04/06/1965
2024-09-20 09:40:02 - Calculated age: 59
2024-09-20 09:40:02 - Calculating age for birthdate: 03/15/1965
2024-09-20 09:40:02 - Calculated age: 59
2024-09-20 09:40:03 - Restarting due to 1 class path change (0 additions, 0 deletions, 1 modification)
2024-09-20 09:40:03 - Starting AlertsApplication using Java 22.0.1 with PID 4528 (C:\Users\fouad\Documents\openclassroom\P5\alerts\target\classes started by fouad in C:\Users\fouad\Documents\openclassroom\P5\alerts)
2024-09-20 09:40:03 - No active profile set, falling back to 1 default profile: "default"
2024-09-20 09:40:03 - Tomcat initialized with port 8080 (http)
2024-09-20 09:40:03 - Starting service [Tomcat]
2024-09-20 09:40:03 - Starting Servlet engine: [Apache Tomcat/10.1.28]
2024-09-20 09:40:03 - Initializing Spring embedded WebApplicationContext
2024-09-20 09:40:03 - Root WebApplicationContext: initialization completed in 199 ms
2024-09-20 09:40:03 - Reading JSON file from: src/main/resources/data.json
2024-09-20 09:40:03 - Data successfully read and processed.
2024-09-20 09:40:03 - Reading JSON file from: src/main/resources/data.json
2024-09-20 09:40:03 - Data successfully read and processed.
2024-09-20 09:40:03 - Reading JSON file from: src/main/resources/data.json
2024-09-20 09:40:03 - Data successfully read and processed.
2024-09-20 09:40:03 - Reading JSON file from: src/main/resources/data.json
2024-09-20 09:40:03 - Data successfully read and processed.
2024-09-20 09:40:03 - Reading JSON file from: src/main/resources/data.json
2024-09-20 09:40:03 - Data successfully read and processed.
2024-09-20 09:40:03 - Reading JSON file from: src/main/resources/data.json
2024-09-20 09:40:03 - Data successfully read and processed.
2024-09-20 09:40:03 - Reading JSON file from: src/main/resources/data.json
2024-09-20 09:40:03 - Data successfully read and processed.
2024-09-20 09:40:03 - Reading JSON file from: src/main/resources/data.json
2024-09-20 09:40:03 - Data successfully read and processed.
2024-09-20 09:40:03 - Reading JSON file from: src/main/resources/data.json
2024-09-20 09:40:03 - Data successfully read and processed.
2024-09-20 09:40:03 - LiveReload server is running on port 35729
2024-09-20 09:40:03 - Tomcat started on port 8080 (http) with context path '/'
2024-09-20 09:40:03 - Started AlertsApplication in 0.337 seconds (process running for 84.868)
2024-09-20 09:40:03 - Condition evaluation unchanged
2024-09-20 09:40:08 - Starting AlertsApplication using Java 22.0.1 with PID 18296 (C:\Users\fouad\Documents\openclassroom\P5\alerts\target\classes started by fouad in C:\Users\fouad\Documents\openclassroom\P5\alerts)
2024-09-20 09:40:08 - No active profile set, falling back to 1 default profile: "default"
2024-09-20 09:40:08 - Devtools property defaults active! Set 'spring.devtools.add-properties' to 'false' to disable
2024-09-20 09:40:08 - For additional web related logging consider setting the 'logging.level.web' property to 'DEBUG'
2024-09-20 09:40:09 - Tomcat initialized with port 8080 (http)
2024-09-20 09:40:09 - Starting service [Tomcat]
2024-09-20 09:40:09 - Starting Servlet engine: [Apache Tomcat/10.1.28]
2024-09-20 09:40:09 - Initializing Spring embedded WebApplicationContext
2024-09-20 09:40:09 - Root WebApplicationContext: initialization completed in 782 ms
2024-09-20 09:40:09 - Reading JSON file from: src/main/resources/data.json
2024-09-20 09:40:09 - Data successfully read and processed.
2024-09-20 09:40:09 - Reading JSON file from: src/main/resources/data.json
2024-09-20 09:40:09 - Data successfully read and processed.
2024-09-20 09:40:09 - Reading JSON file from: src/main/resources/data.json
2024-09-20 09:40:09 - Data successfully read and processed.
2024-09-20 09:40:09 - Reading JSON file from: src/main/resources/data.json
2024-09-20 09:40:09 - Data successfully read and processed.
2024-09-20 09:40:09 - Reading JSON file from: src/main/resources/data.json
2024-09-20 09:40:09 - Data successfully read and processed.
2024-09-20 09:40:09 - Reading JSON file from: src/main/resources/data.json
2024-09-20 09:40:09 - Data successfully read and processed.
2024-09-20 09:40:09 - Reading JSON file from: src/main/resources/data.json
2024-09-20 09:40:09 - Data successfully read and processed.
2024-09-20 09:40:09 - Reading JSON file from: src/main/resources/data.json
2024-09-20 09:40:09 - Data successfully read and processed.
2024-09-20 09:40:09 - Reading JSON file from: src/main/resources/data.json
2024-09-20 09:40:09 - Data successfully read and processed.
2024-09-20 09:40:09 - LiveReload server is running on port 35729
2024-09-20 09:40:09 - Tomcat started on port 8080 (http) with context path '/'
2024-09-20 09:40:09 - Started AlertsApplication in 1.771 seconds (process running for 2.406)
2024-09-20 09:40:13 - Initializing Spring DispatcherServlet 'dispatcherServlet'
2024-09-20 09:40:13 - Initializing Servlet 'dispatcherServlet'
2024-09-20 09:40:13 - Completed initialization in 0 ms
2024-09-20 09:40:13 - Request received for fire stations: [1, 3]
2024-09-20 09:40:13 - Retrieving addresses for fire station number: 1
2024-09-20 09:40:13 - Retrieving list of all fire stations.
2024-09-20 09:40:13 - Retrieving addresses for fire station number: 3
2024-09-20 09:40:13 - Retrieving list of all fire stations.
2024-09-20 09:40:13 - Retrieving persons living at address: 748 Townings Dr
2024-09-20 09:40:13 - Retrieving list of all persons.
2024-09-20 09:40:13 - Retrieving persons living at address: 908 73rd St
2024-09-20 09:40:13 - Retrieving list of all persons.
2024-09-20 09:40:13 - Retrieving persons living at address: 947 E. Rose Dr
2024-09-20 09:40:13 - Retrieving list of all persons.
2024-09-20 09:40:13 - Retrieving persons living at address: 644 Gershwin Cir
2024-09-20 09:40:13 - Retrieving list of all persons.
2024-09-20 09:40:13 - Retrieving persons living at address: 1509 Culver St
2024-09-20 09:40:13 - Retrieving list of all persons.
2024-09-20 09:40:13 - Retrieving persons living at address: 834 Binoc Ave
2024-09-20 09:40:13 - Retrieving list of all persons.
2024-09-20 09:40:13 - Retrieving persons living at address: 112 Steppes Pl
2024-09-20 09:40:13 - Retrieving list of all persons.
2024-09-20 09:40:13 - Retrieving medical records for given persons.
2024-09-20 09:40:13 - Retrieving list of all medical records.
2024-09-20 09:40:13 - Calculating age for birthdate: 01/08/1980
2024-09-20 09:40:13 - Calculated age: 44
2024-09-20 09:40:13 - Calculating age for birthdate: 03/06/1994
2024-09-20 09:40:13 - Calculated age: 30
2024-09-20 09:40:13 - Calculating age for birthdate: 08/30/1979
2024-09-20 09:40:13 - Calculated age: 45
2024-09-20 09:40:13 - Calculating age for birthdate: 03/06/1982
2024-09-20 09:40:13 - Calculated age: 42
2024-09-20 09:40:13 - Calculating age for birthdate: 12/06/1975
2024-09-20 09:40:13 - Calculated age: 48
2024-09-20 09:40:13 - Calculating age for birthdate: 07/08/1980
2024-09-20 09:40:13 - Calculated age: 44
2024-09-20 09:40:13 - Calculating age for birthdate: 03/06/2014
2024-09-20 09:40:13 - Calculated age: 10
2024-09-20 09:40:13 - Calculating age for birthdate: 09/06/2000
2024-09-20 09:40:13 - Calculated age: 24
2024-09-20 09:40:13 - Calculating age for birthdate: 03/06/1984
2024-09-20 09:40:13 - Calculated age: 40
2024-09-20 09:40:13 - Calculating age for birthdate: 03/06/1989
2024-09-20 09:40:13 - Calculated age: 35
2024-09-20 09:40:13 - Calculating age for birthdate: 02/18/2012
2024-09-20 09:40:13 - Calculated age: 12
2024-09-20 09:40:13 - Calculating age for birthdate: 09/06/2017
2024-09-20 09:40:13 - Calculated age: 7
2024-09-20 09:40:13 - Calculating age for birthdate: 01/08/1986
2024-09-20 09:40:13 - Calculated age: 38
2024-09-20 09:40:13 - Calculating age for birthdate: 02/18/2012
2024-09-20 09:40:13 - Calculated age: 12
2024-09-20 09:40:13 - Calculating age for birthdate: 03/06/1994
2024-09-20 09:40:13 - Calculated age: 30
2024-09-20 09:40:13 - Calculating age for birthdate: 04/06/1965
2024-09-20 09:40:13 - Calculated age: 59
2024-09-20 09:40:13 - Calculating age for birthdate: 03/15/1965
2024-09-20 09:40:13 - Calculated age: 59
2024-09-20 09:41:55 - Restarting due to 2 class path changes (1 addition, 1 deletion, 0 modifications)
